This is pdfTeX, Version 3.14159265-2.6-1.40.20 (TeX Live 2019) (preloaded format=pdflatex 2019.5.8)  17 AUG 2019 20:36
entering extended mode
 restricted \write18 enabled.
 %&-line parsing enabled.
**my-dissertation.tex
(./my-dissertation.tex
LaTeX2e <2018-12-01>
(./utthesis.cls
utthesis.cls
ver 2.1.0
Updated by Darrin Weber
April 19, 2017
Many parts and settings of this class are based on the template provided by Dav
id L. Page and updated by Tony Saad.
Document Class: utthesis 
(/usr/local/texlive/2019/texmf-dist/tex/latex/base/report.cls
Document Class: report 2018/09/03 v1.4i Standard LaTeX document class
(/usr/local/texlive/2019/texmf-dist/tex/latex/base/size12.clo
File: size12.clo 2018/09/03 v1.4i Standard LaTeX file (size option)
)
\c@part=\count80
\c@chapter=\count81
\c@section=\count82
\c@subsection=\count83
\c@subsubsection=\count84
\c@paragraph=\count85
\c@subparagraph=\count86
\c@figure=\count87
\c@table=\count88
\abovecaptionskip=\skip41
\belowcaptionskip=\skip42
\bibindent=\dimen102
)
(/usr/local/texlive/2019/texmf-dist/tex/latex/amsmath/amsmath.sty
Package: amsmath 2018/12/01 v2.17b AMS math features
\@mathmargin=\skip43

For additional information on amsmath, use the `?' option.
(/usr/local/texlive/2019/texmf-dist/tex/latex/amsmath/amstext.sty
Package: amstext 2000/06/29 v2.01 AMS text

(/usr/local/texlive/2019/texmf-dist/tex/latex/amsmath/amsgen.sty
File: amsgen.sty 1999/11/30 v2.0 generic functions
\@emptytoks=\toks14
\ex@=\dimen103
))
(/usr/local/texlive/2019/texmf-dist/tex/latex/amsmath/amsbsy.sty
Package: amsbsy 1999/11/29 v1.2d Bold Symbols
\pmbraise@=\dimen104
)
(/usr/local/texlive/2019/texmf-dist/tex/latex/amsmath/amsopn.sty
Package: amsopn 2016/03/08 v2.02 operator names
)
\inf@bad=\count89
LaTeX Info: Redefining \frac on input line 223.
\uproot@=\count90
\leftroot@=\count91
LaTeX Info: Redefining \overline on input line 385.
\classnum@=\count92
\DOTSCASE@=\count93
LaTeX Info: Redefining \ldots on input line 482.
LaTeX Info: Redefining \dots on input line 485.
LaTeX Info: Redefining \cdots on input line 606.
\Mathstrutbox@=\box27
\strutbox@=\box28
\big@size=\dimen105
LaTeX Font Info:    Redeclaring font encoding OML on input line 729.
LaTeX Font Info:    Redeclaring font encoding OMS on input line 730.
\macc@depth=\count94
\c@MaxMatrixCols=\count95
\dotsspace@=\muskip10
\c@parentequation=\count96
\dspbrk@lvl=\count97
\tag@help=\toks15
\row@=\count98
\column@=\count99
\maxfields@=\count100
\andhelp@=\toks16
\eqnshift@=\dimen106
\alignsep@=\dimen107
\tagshift@=\dimen108
\tagwidth@=\dimen109
\totwidth@=\dimen110
\lineht@=\dimen111
\@envbody=\toks17
\multlinegap=\skip44
\multlinetaggap=\skip45
\mathdisplay@stack=\toks18
LaTeX Info: Redefining \[ on input line 2844.
LaTeX Info: Redefining \] on input line 2845.
)
(/usr/local/texlive/2019/texmf-dist/tex/latex/amscls/amsthm.sty
Package: amsthm 2017/10/31 v2.20.4
\thm@style=\toks19
\thm@bodyfont=\toks20
\thm@headfont=\toks21
\thm@notefont=\toks22
\thm@headpunct=\toks23
\thm@preskip=\skip46
\thm@postskip=\skip47
\thm@headsep=\skip48
\dth@everypar=\toks24
)
(/usr/local/texlive/2019/texmf-dist/tex/latex/amsfonts/amssymb.sty
Package: amssymb 2013/01/14 v3.01 AMS font symbols

(/usr/local/texlive/2019/texmf-dist/tex/latex/amsfonts/amsfonts.sty
Package: amsfonts 2013/01/14 v3.01 Basic AMSFonts support
\symAMSa=\mathgroup4
\symAMSb=\mathgroup5
LaTeX Font Info:    Overwriting math alphabet `\mathfrak' in version `bold'
(Font)                  U/euf/m/n --> U/euf/b/n on input line 106.
))
(/usr/local/texlive/2019/texmf-dist/tex/latex/setspace/setspace.sty
Package: setspace 2011/12/19 v6.7a set line spacing
)
(/usr/local/texlive/2019/texmf-dist/tex/latex/geometry/geometry.sty
Package: geometry 2018/04/16 v5.8 Page Geometry

(/usr/local/texlive/2019/texmf-dist/tex/latex/graphics/keyval.sty
Package: keyval 2014/10/28 v1.15 key=value parser (DPC)
\KV@toks@=\toks25
)
(/usr/local/texlive/2019/texmf-dist/tex/generic/oberdiek/ifpdf.sty
Package: ifpdf 2018/09/07 v3.3 Provides the ifpdf switch
)
(/usr/local/texlive/2019/texmf-dist/tex/generic/oberdiek/ifvtex.sty
Package: ifvtex 2016/05/16 v1.6 Detect VTeX and its facilities (HO)
Package ifvtex Info: VTeX not detected.
)
(/usr/local/texlive/2019/texmf-dist/tex/generic/ifxetex/ifxetex.sty
Package: ifxetex 2010/09/12 v0.6 Provides ifxetex conditional
)
\Gm@cnth=\count101
\Gm@cntv=\count102
\c@Gm@tempcnt=\count103
\Gm@bindingoffset=\dimen112
\Gm@wd@mp=\dimen113
\Gm@odd@mp=\dimen114
\Gm@even@mp=\dimen115
\Gm@layoutwidth=\dimen116
\Gm@layoutheight=\dimen117
\Gm@layouthoffset=\dimen118
\Gm@layoutvoffset=\dimen119
\Gm@dimlist=\toks26
)
(/usr/local/texlive/2019/texmf-dist/tex/latex/hyperref/hyperref.sty
Package: hyperref 2018/11/30 v6.88e Hypertext links for LaTeX

(/usr/local/texlive/2019/texmf-dist/tex/generic/oberdiek/hobsub-hyperref.sty
Package: hobsub-hyperref 2016/05/16 v1.14 Bundle oberdiek, subset hyperref (HO)


(/usr/local/texlive/2019/texmf-dist/tex/generic/oberdiek/hobsub-generic.sty
Package: hobsub-generic 2016/05/16 v1.14 Bundle oberdiek, subset generic (HO)
Package: hobsub 2016/05/16 v1.14 Construct package bundles (HO)
Package: infwarerr 2016/05/16 v1.4 Providing info/warning/error messages (HO)
Package: ltxcmds 2016/05/16 v1.23 LaTeX kernel commands for general use (HO)
Package: ifluatex 2016/05/16 v1.4 Provides the ifluatex switch (HO)
Package ifluatex Info: LuaTeX not detected.
Package hobsub Info: Skipping package `ifvtex' (already loaded).
Package: intcalc 2016/05/16 v1.2 Expandable calculations with integers (HO)
Package hobsub Info: Skipping package `ifpdf' (already loaded).
Package: etexcmds 2016/05/16 v1.6 Avoid name clashes with e-TeX commands (HO)
Package: kvsetkeys 2016/05/16 v1.17 Key value parser (HO)
Package: kvdefinekeys 2016/05/16 v1.4 Define keys (HO)
Package: pdftexcmds 2018/09/10 v0.29 Utility functions of pdfTeX for LuaTeX (HO
)
Package pdftexcmds Info: LuaTeX not detected.
Package pdftexcmds Info: \pdf@primitive is available.
Package pdftexcmds Info: \pdf@ifprimitive is available.
Package pdftexcmds Info: \pdfdraftmode found.
Package: pdfescape 2016/05/16 v1.14 Implements pdfTeX's escape features (HO)
Package: bigintcalc 2016/05/16 v1.4 Expandable calculations on big integers (HO
)
Package: bitset 2016/05/16 v1.2 Handle bit-vector datatype (HO)
Package: uniquecounter 2016/05/16 v1.3 Provide unlimited unique counter (HO)
)
Package hobsub Info: Skipping package `hobsub' (already loaded).
Package: letltxmacro 2016/05/16 v1.5 Let assignment for LaTeX macros (HO)
Package: hopatch 2016/05/16 v1.3 Wrapper for package hooks (HO)
Package: xcolor-patch 2016/05/16 xcolor patch
Package: atveryend 2016/05/16 v1.9 Hooks at the very end of document (HO)
Package atveryend Info: \enddocument detected (standard20110627).
Package: atbegshi 2016/06/09 v1.18 At begin shipout hook (HO)
Package: refcount 2016/05/16 v3.5 Data extraction from label references (HO)
Package: hycolor 2016/05/16 v1.8 Color options for hyperref/bookmark (HO)
)
(/usr/local/texlive/2019/texmf-dist/tex/latex/oberdiek/auxhook.sty
Package: auxhook 2016/05/16 v1.4 Hooks for auxiliary files (HO)
)
(/usr/local/texlive/2019/texmf-dist/tex/latex/oberdiek/kvoptions.sty
Package: kvoptions 2016/05/16 v3.12 Key value format for package options (HO)
)
\@linkdim=\dimen120
\Hy@linkcounter=\count104
\Hy@pagecounter=\count105

(/usr/local/texlive/2019/texmf-dist/tex/latex/hyperref/pd1enc.def
File: pd1enc.def 2018/11/30 v6.88e Hyperref: PDFDocEncoding definition (HO)
Now handling font encoding PD1 ...
... no UTF-8 mapping file for font encoding PD1
)
\Hy@SavedSpaceFactor=\count106

(/usr/local/texlive/2019/texmf-dist/tex/latex/latexconfig/hyperref.cfg
File: hyperref.cfg 2002/06/06 v1.2 hyperref configuration of TeXLive
)
Package hyperref Info: Option `plainpages' set `false' on input line 4393.
Package hyperref Info: Option `pdfpagelabels' set `true' on input line 4393.
Package hyperref Info: Option `breaklinks' set `true' on input line 4393.
Package hyperref Info: Hyper figures OFF on input line 4519.
Package hyperref Info: Link nesting OFF on input line 4524.
Package hyperref Info: Hyper index ON on input line 4527.
Package hyperref Info: Plain pages OFF on input line 4534.
Package hyperref Info: Backreferencing ON on input line 4537.
Package hyperref Info: Implicit mode ON; LaTeX internals redefined.
Package hyperref Info: Bookmarks ON on input line 4772.

(/usr/local/texlive/2019/texmf-dist/tex/latex/hyperref/backref.sty
Package: backref 2016/05/21 v1.39 Bibliographical back referencing

(/usr/local/texlive/2019/texmf-dist/tex/latex/oberdiek/rerunfilecheck.sty
Package: rerunfilecheck 2016/05/16 v1.8 Rerun checks for auxiliary files (HO)
Package uniquecounter Info: New unique counter `rerunfilecheck' on input line 2
82.
))
\c@Hy@tempcnt=\count107

(/usr/local/texlive/2019/texmf-dist/tex/latex/url/url.sty
\Urlmuskip=\muskip11
Package: url 2013/09/16  ver 3.4  Verb mode for urls, etc.
)
LaTeX Info: Redefining \url on input line 5125.
\XeTeXLinkMargin=\dimen121
\Fld@menulength=\count108
\Field@Width=\dimen122
\Fld@charsize=\dimen123
Package hyperref Info: Hyper figures OFF on input line 6380.
Package hyperref Info: Link nesting OFF on input line 6385.
Package hyperref Info: Hyper index ON on input line 6388.
Package hyperref Info: backreferencing ON on input line 6393.
Package hyperref Info: Link coloring OFF on input line 6400.
Package hyperref Info: Link coloring with OCG OFF on input line 6405.
Package hyperref Info: PDF/A mode OFF on input line 6410.
LaTeX Info: Redefining \ref on input line 6450.
LaTeX Info: Redefining \pageref on input line 6454.
\Hy@abspage=\count109
\c@Item=\count110
\c@Hfootnote=\count111
)
Package hyperref Info: Driver: hpdftex.

(/usr/local/texlive/2019/texmf-dist/tex/latex/hyperref/hpdftex.def
File: hpdftex.def 2018/11/30 v6.88e Hyperref driver for pdfTeX
\Fld@listcount=\count112
\c@bookmark@seq@number=\count113
\Hy@SectionHShift=\skip49
)
(/usr/local/texlive/2019/texmf-dist/tex/latex/graphics/color.sty
Package: color 2016/07/10 v1.1e Standard LaTeX Color (DPC)

(/usr/local/texlive/2019/texmf-dist/tex/latex/graphics-cfg/color.cfg
File: color.cfg 2016/01/02 v1.6 sample color configuration
)
Package color Info: Driver file: pdftex.def on input line 147.

(/usr/local/texlive/2019/texmf-dist/tex/latex/graphics-def/pdftex.def
File: pdftex.def 2018/01/08 v1.0l Graphics/color driver for pdftex
))
\c@theorem=\count114
Package hyperref Info: Option `bookmarksnumbered' set `true' on input line 134.

Package hyperref Info: Option `bookmarksopen' set `false' on input line 134.
Package hyperref Info: Option `pdffitwindow' set `true' on input line 134.
Package hyperref Info: Option `pdfnewwindow' set `true' on input line 134.
Package hyperref Info: Option `colorlinks' set `true' on input line 134.
)
(/usr/local/texlive/2019/texmf-dist/tex/latex/nomencl/nomencl.sty
Package: nomencl 2019/05/05 v5.2 Nomenclature package

(/usr/local/texlive/2019/texmf-dist/tex/latex/xkeyval/xkeyval.sty
Package: xkeyval 2014/12/03 v2.7a package option processing (HA)

(/usr/local/texlive/2019/texmf-dist/tex/generic/xkeyval/xkeyval.tex
(/usr/local/texlive/2019/texmf-dist/tex/generic/xkeyval/xkvutils.tex
\XKV@toks=\toks27
\XKV@tempa@toks=\toks28
)
\XKV@depth=\count115
File: xkeyval.tex 2014/12/03 v2.7a key=value parser (HA)
))
(/usr/local/texlive/2019/texmf-dist/tex/latex/base/ifthen.sty
Package: ifthen 2014/09/29 v1.1c Standard LaTeX ifthen package (DPC)
)
(/usr/local/texlive/2019/texmf-dist/tex/latex/koma-script/tocbasic.sty
Package: tocbasic 2019/02/01 v3.26b KOMA-Script package (handling toc-files)

(/usr/local/texlive/2019/texmf-dist/tex/latex/koma-script/scrbase.sty
Package: scrbase 2019/02/01 v3.26b KOMA-Script package (KOMA-Script-independent
 basics and keyval usage)

(/usr/local/texlive/2019/texmf-dist/tex/latex/koma-script/scrlfile.sty
Package: scrlfile 2019/02/01 v3.26b KOMA-Script package (loading files)
))
\scr@dte@tocline@numberwidth=\skip50
\scr@dte@tocline@numbox=\box29
)
Package tocbasic Info: setting babel extension for `nlo' on input line 155.
Package tocbasic Info: setting babel extension for `nls' on input line 156.
\nomlabelwidth=\dimen124
\nom@tempdim=\dimen125
\nomitemsep=\skip51
)
(/usr/local/texlive/2019/texmf-dist/tex/latex/float/float.sty
Package: float 2001/11/08 v1.3d Float enhancements (AL)
\c@float@type=\count116
\float@exts=\toks29
\float@box=\box30
\@float@everytoks=\toks30
\@floatcapt=\box31
)
(/usr/local/texlive/2019/texmf-dist/tex/latex/natbib/natbib.sty
Package: natbib 2010/09/13 8.31b (PWD, AO)
\bibhang=\skip52
\bibsep=\skip53
LaTeX Info: Redefining \cite on input line 694.
\c@NAT@ctr=\count117
)
(/usr/local/texlive/2019/texmf-dist/tex/latex/graphics/graphicx.sty
Package: graphicx 2017/06/01 v1.1a Enhanced LaTeX Graphics (DPC,SPQR)

(/usr/local/texlive/2019/texmf-dist/tex/latex/graphics/graphics.sty
Package: graphics 2017/06/25 v1.2c Standard LaTeX Graphics (DPC,SPQR)

(/usr/local/texlive/2019/texmf-dist/tex/latex/graphics/trig.sty
Package: trig 2016/01/03 v1.10 sin cos tan (DPC)
)
(/usr/local/texlive/2019/texmf-dist/tex/latex/graphics-cfg/graphics.cfg
File: graphics.cfg 2016/06/04 v1.11 sample graphics configuration
)
Package graphics Info: Driver file: pdftex.def on input line 99.
)
\Gin@req@height=\dimen126
\Gin@req@width=\dimen127
)
(/usr/local/texlive/2019/texmf-dist/tex/latex/fancyhdr/fancyhdr.sty
Package: fancyhdr 2019/01/31 v3.10 Extensive control of page headers and footer
s
\f@nch@headwidth=\skip54
\f@nch@O@elh=\skip55
\f@nch@O@erh=\skip56
\f@nch@O@olh=\skip57
\f@nch@O@orh=\skip58
\f@nch@O@elf=\skip59
\f@nch@O@erf=\skip60
\f@nch@O@olf=\skip61
\f@nch@O@orf=\skip62
)
(/usr/local/texlive/2019/texmf-dist/tex/latex/srcltx/srcltx.sty
Package: srcltx 2006/11/12 v1.6 Source specials for inverse search in DVI files

\src@lastline=\count118
\src@new@everypar=\toks31
\src@new@output=\toks32
)
(/usr/local/texlive/2019/texmf-dist/tex/latex/relsize/relsize.sty
Package: relsize 2013/03/29 ver 4.1
)
(/usr/local/texlive/2019/texmf-dist/tex/latex/booktabs/booktabs.sty
Package: booktabs 2016/04/27 v1.618033 publication quality tables
\heavyrulewidth=\dimen128
\lightrulewidth=\dimen129
\cmidrulewidth=\dimen130
\belowrulesep=\dimen131
\belowbottomsep=\dimen132
\aboverulesep=\dimen133
\abovetopsep=\dimen134
\cmidrulesep=\dimen135
\cmidrulekern=\dimen136
\defaultaddspace=\dimen137
\@cmidla=\count119
\@cmidlb=\count120
\@aboverulesep=\dimen138
\@belowrulesep=\dimen139
\@thisruleclass=\count121
\@lastruleclass=\count122
\@thisrulewidth=\dimen140
)
(/usr/local/texlive/2019/texmf-dist/tex/latex/caption/caption.sty
Package: caption 2018/10/06 v3.3-154 Customizing captions (AR)

(/usr/local/texlive/2019/texmf-dist/tex/latex/caption/caption3.sty
Package: caption3 2018/09/12 v1.8c caption3 kernel (AR)
Package caption3 Info: TeX engine: e-TeX on input line 64.
\captionmargin=\dimen141
\captionmargin@=\dimen142
\captionwidth=\dimen143
\caption@tempdima=\dimen144
\caption@indent=\dimen145
\caption@parindent=\dimen146
\caption@hangindent=\dimen147
)

Package caption Warning: Configuration file caption.cfg not found on input line
 289.
See the caption package documentation for explanation.

\c@caption@flags=\count123
\c@ContinuedFloat=\count124
Package caption Info: float package is loaded.
Package caption Info: hyperref package is loaded.
) (/usr/local/texlive/2019/texmf-dist/tex/latex/subfig/subfig.sty
Package: subfig 2005/06/28 ver: 1.3 subfig package
\c@KVtest=\count125
\sf@farskip=\skip63
\sf@captopadj=\dimen148
\sf@capskip=\skip64
\sf@nearskip=\skip65


Package subfig Warning: Configuration file subfig.cfg not found on input line 2
97.

\c@subfigure=\count126
\c@subfigure@save=\count127
\c@lofdepth=\count128
\c@subtable=\count129
\c@subtable@save=\count130
\c@lotdepth=\count131
\sf@top=\skip66
\sf@bottom=\skip67
) (/usr/local/texlive/2019/texmf-dist/tex/latex/jknapltx/mathrsfs.sty
Package: mathrsfs 1996/01/01 Math RSFS package v1.0 (jk)
\symrsfs=\mathgroup6
)
(/usr/local/texlive/2019/texmf-dist/tex/latex/appendix/appendix.sty
Package: appendix 2009/09/02 v1.2b extra appendix facilities
\c@@pps=\count132
\c@@ppsavesec=\count133
\c@@ppsaveapp=\count134
)
(/usr/local/texlive/2019/texmf-dist/tex/latex/oberdiek/pdflscape.sty
Package: pdflscape 2016/05/14 v0.11 Display of landscape pages in PDF (HO)

(/usr/local/texlive/2019/texmf-dist/tex/latex/graphics/lscape.sty
Package: lscape 2000/10/22 v3.01 Landscape Pages (DPC)
)
Package pdflscape Info: Auto-detected driver: pdftex on input line 81.
)
(/usr/local/texlive/2019/texmf-dist/tex/latex/lineno/lineno.sty
Package: lineno 2005/11/02 line numbers on paragraphs v4.41
\linenopenalty=\count135
\output=\toks33
\linenoprevgraf=\count136
\linenumbersep=\dimen149
\linenumberwidth=\dimen150
\c@linenumber=\count137
\c@pagewiselinenumber=\count138
\c@LN@truepage=\count139
\c@internallinenumber=\count140
\c@internallinenumbers=\count141
\quotelinenumbersep=\dimen151
\bframerule=\dimen152
\bframesep=\dimen153
\bframebox=\box32
LaTeX Info: Redefining \\ on input line 3056.
)
(/usr/local/texlive/2019/texmf-dist/tex/latex/base/inputenc.sty
Package: inputenc 2018/08/11 v1.3c Input encoding file
\inpenc@prehook=\toks34
\inpenc@posthook=\toks35
)
(/usr/local/texlive/2019/texmf-dist/tex/latex/cleveref/cleveref.sty
Package: cleveref 2018/03/27 v0.21.4 Intelligent cross-referencing
Package cleveref Info: `hyperref' support loaded on input line 2370.
LaTeX Info: Redefining \cref on input line 2370.
LaTeX Info: Redefining \Cref on input line 2370.
LaTeX Info: Redefining \crefrange on input line 2370.
LaTeX Info: Redefining \Crefrange on input line 2370.
LaTeX Info: Redefining \cpageref on input line 2370.
LaTeX Info: Redefining \Cpageref on input line 2370.
LaTeX Info: Redefining \cpagerefrange on input line 2370.
LaTeX Info: Redefining \Cpagerefrange on input line 2370.
LaTeX Info: Redefining \labelcref on input line 2370.
LaTeX Info: Redefining \labelcpageref on input line 2370.
Package cleveref Info: `amsthm' support loaded on input line 3026.
Package cleveref Info: `subfig' support loaded on input line 3164.
)
(./my-dissertation.aux (./front-matter/dedication.aux)
(./front-matter/acknowledgments.aux) (./front-matter/abstract.aux)
(./front-matter/nomenclature.aux) (./front-matter.aux)
(./chapters/chapter-1.aux) (./chapters/chapter-2.aux) (./chapters/chapter-3.aux
) (./chapters/chapter-4.aux) (./chapters/chapter-5.aux)
(./chapters/chapter-6.aux

LaTeX Warning: Label `fig:pTeff' multiply defined.


LaTeX Warning: Label `fig:pTeff@cref' multiply defined.


LaTeX Warning: Label `eq:xlumdef' multiply defined.


LaTeX Warning: Label `eq:xlumdef@cref' multiply defined.


LaTeX Warning: Label `fig:RunEff' multiply defined.


LaTeX Warning: Label `fig:RunEff@cref' multiply defined.


LaTeX Warning: Label `fig:RunEff' multiply defined.


LaTeX Warning: Label `fig:RunEff@cref' multiply defined.

) (./back-matter/appendix-1.aux) (./back-matter/vita.aux))
\openout1 = `my-dissertation.aux'.

LaTeX Font Info:    Checking defaults for OML/cmm/m/it on input line 77.
LaTeX Font Info:    ... okay on input line 77.
LaTeX Font Info:    Checking defaults for T1/cmr/m/n on input line 77.
LaTeX Font Info:    ... okay on input line 77.
LaTeX Font Info:    Checking defaults for OT1/cmr/m/n on input line 77.
LaTeX Font Info:    ... okay on input line 77.
LaTeX Font Info:    Checking defaults for OMS/cmsy/m/n on input line 77.
LaTeX Font Info:    ... okay on input line 77.
LaTeX Font Info:    Checking defaults for OMX/cmex/m/n on input line 77.
LaTeX Font Info:    ... okay on input line 77.
LaTeX Font Info:    Checking defaults for U/cmr/m/n on input line 77.
LaTeX Font Info:    ... okay on input line 77.
LaTeX Font Info:    Checking defaults for PD1/pdf/m/n on input line 77.
LaTeX Font Info:    ... okay on input line 77.

*geometry* detected driver: dvips
*geometry* verbose mode - [ preamble ] result:
* driver: dvips
* paper: letterpaper
* layout: <same size as paper>
* layoutoffset:(h,v)=(0.0pt,0.0pt)
* vratio: 1:1
* modes: 
* h-part:(L,W,R)=(72.26999pt, 469.75502pt, 72.26999pt)
* v-part:(T,H,B)=(72.26999pt, 650.43001pt, 72.26999pt)
* \paperwidth=614.295pt
* \paperheight=794.96999pt
* \textwidth=469.75502pt
* \textheight=650.43001pt
* \oddsidemargin=0.0pt
* \evensidemargin=0.0pt
* \topmargin=-37.0pt
* \headheight=12.0pt
* \headsep=25.0pt
* \topskip=12.0pt
* \footskip=30.0pt
* \marginparwidth=44.0pt
* \marginparsep=10.0pt
* \columnsep=10.0pt
* \skip\footins=10.8pt plus 4.0pt minus 2.0pt
* \hoffset=0.0pt
* \voffset=0.0pt
* \mag=1000
* \@twocolumnfalse
* \@twosidefalse
* \@mparswitchfalse
* \@reversemarginfalse
* (1in=72.27pt=25.4mm, 1cm=28.453pt)

\AtBeginShipoutBox=\box33
Package backref Info: ** backref set up for natbib ** on input line 77.
Package hyperref Info: Link coloring ON on input line 77.
(/usr/local/texlive/2019/texmf-dist/tex/latex/hyperref/nameref.sty
Package: nameref 2016/05/21 v2.44 Cross-referencing by name of section

(/usr/local/texlive/2019/texmf-dist/tex/generic/oberdiek/gettitlestring.sty
Package: gettitlestring 2016/05/16 v1.5 Cleanup title references (HO)
)
\c@section@level=\count142
)
LaTeX Info: Redefining \ref on input line 77.
LaTeX Info: Redefining \pageref on input line 77.
LaTeX Info: Redefining \nameref on input line 77.

(./my-dissertation.out) (./my-dissertation.out)
\@outlinefile=\write3
\openout3 = `my-dissertation.out'.


(/usr/local/texlive/2019/texmf-dist/tex/context/base/mkii/supp-pdf.mkii
[Loading MPS to PDF converter (version 2006.09.02).]
\scratchcounter=\count143
\scratchdimen=\dimen154
\scratchbox=\box34
\nofMPsegments=\count144
\nofMParguments=\count145
\everyMPshowfont=\toks36
\MPscratchCnt=\count146
\MPscratchDim=\dimen155
\MPnumerator=\count147
\makeMPintoPDFobject=\count148
\everyMPtoPDFconversion=\toks37
) (/usr/local/texlive/2019/texmf-dist/tex/latex/oberdiek/epstopdf-base.sty
Package: epstopdf-base 2016/05/15 v2.6 Base part for package epstopdf

(/usr/local/texlive/2019/texmf-dist/tex/latex/oberdiek/grfext.sty
Package: grfext 2016/05/16 v1.2 Manage graphics extensions (HO)
)
Package epstopdf-base Info: Redefining graphics rule for `.eps' on input line 4
38.
Package grfext Info: Graphics extension search list:
(grfext)             [.pdf,.png,.jpg,.mps,.jpeg,.jbig2,.jb2,.PDF,.PNG,.JPG,.JPE
G,.JBIG2,.JB2,.eps]
(grfext)             \AppendGraphicsExtensions on input line 456.

(/usr/local/texlive/2019/texmf-dist/tex/latex/latexconfig/epstopdf-sys.cfg
File: epstopdf-sys.cfg 2010/07/13 v1.3 Configuration of (r)epstopdf for TeX Liv
e
))
Package caption Info: Begin \AtBeginDocument code.
Package caption Info: subfig package v1.3 is loaded.
Package caption Info: End \AtBeginDocument code.

[1
Non-PDF special ignored!
<special> papersize=614.295pt,794.96999pt





{/usr/local/texlive/2019/texmf-var/fonts/map/pdftex/updmap/pdftex.map}]
LaTeX Font Info:    Try loading font information for OMS+cmr on input line 87.

(/usr/local/texlive/2019/texmf-dist/tex/latex/base/omscmr.fd
File: omscmr.fd 2014/09/29 v2.5h Standard LaTeX font definitions
)
LaTeX Font Info:    Font shape `OMS/cmr/m/n' in size <12> not available
(Font)              Font shape `OMS/cmsy/m/n' tried instead on input line 87.
 [2


]
:<+ front-matter/dedication.tex
\openout2 = `front-matter/dedication.aux'.

(./front-matter/dedication.tex) [3





]
:<-
:<+ front-matter/acknowledgments.tex
\openout2 = `front-matter/acknowledgments.aux'.

(./front-matter/acknowledgments.tex [4






]) [5]
:<-
:<+ front-matter/abstract.tex
\openout2 = `front-matter/abstract.aux'.

(./front-matter/abstract.tex
LaTeX Font Info:    Try loading font information for U+msa on input line 4.

(/usr/local/texlive/2019/texmf-dist/tex/latex/amsfonts/umsa.fd
File: umsa.fd 2013/01/14 v3.01 AMS symbols A
)
LaTeX Font Info:    Try loading font information for U+msb on input line 4.

(/usr/local/texlive/2019/texmf-dist/tex/latex/amsfonts/umsb.fd
File: umsb.fd 2013/01/14 v3.01 AMS symbols B
)
LaTeX Font Info:    Try loading font information for U+rsfs on input line 4.

(/usr/local/texlive/2019/texmf-dist/tex/latex/jknapltx/ursfs.fd
File: ursfs.fd 1998/03/24 rsfs font definition file (jk)
)) [6






] [7]
:<-
:<+ front-matter/nomenclature.tex
\openout2 = `front-matter/nomenclature.aux'.

(./front-matter/nomenclature.tex)
:<-
(./my-dissertation.toc [8







] [9])
\tf@toc=\write4
\openout4 = `my-dissertation.toc'.

 [10] (./my-dissertation.lot)
\tf@lot=\write5
\openout5 = `my-dissertation.lot'.

 [11

]
(./my-dissertation.lof [12

] [13] [14]
Overfull \hbox (0.5639pt too wide) in paragraph at lines 40--40
 [][] [][][]\OT1/cmr/m/n/12 Production flow of the IROCs (red), OROCs (blue), a
nd GEM foils (green)[[]]. 
 []

[15] [16] [17])
\tf@lof=\write6
\openout6 = `my-dissertation.lof'.

 [18]
:<+ front-matter.tex
\openout2 = `front-matter.aux'.

No file front-matter.tex.
:<-
:<+ chapters/chapter-1.tex
\openout2 = `chapters/chapter-1.aux'.

(./chapters/chapter-1.tex
Chapter 1.
<figures/pdf/Fundamental_Particles.png, id=637, 301.125pt x 324.21124pt>
File: figures/pdf/Fundamental_Particles.png Graphic file (type png)
<use figures/pdf/Fundamental_Particles.png>
Package pdftex.def Info: figures/pdf/Fundamental_Particles.png  used on input l
ine 5.
(pdftex.def)             Requested size: 170.71652pt x 183.81291pt.

LaTeX Warning: `h' float specifier changed to `ht'.

[1






] [2 <./figures/pdf/Fundamental_Particles.png>]) [3]
:<-
:<+ chapters/chapter-2.tex
\openout2 = `chapters/chapter-2.aux'.

(./chapters/chapter-2.tex
Chapter 2.
[4




]
<figures/pdf/alphas_s.jpg, id=667, 819.06pt x 582.175pt>
File: figures/pdf/alphas_s.jpg Graphic file (type jpg)
<use figures/pdf/alphas_s.jpg>
Package pdftex.def Info: figures/pdf/alphas_s.jpg  used on input line 30.
(pdftex.def)             Requested size: 341.43306pt x 242.69077pt.


LaTeX Warning: `h' float specifier changed to `ht'.

[5]
<figures/pdf/jetsatcmsand.png, id=678, 1111.15125pt x 410.53375pt>
File: figures/pdf/jetsatcmsand.png Graphic file (type png)
<use figures/pdf/jetsatcmsand.png>
Package pdftex.def Info: figures/pdf/jetsatcmsand.png  used on input line 43.
(pdftex.def)             Requested size: 341.43306pt x 126.14911pt.


LaTeX Warning: `h' float specifier changed to `ht'.

[6 <./figures/pdf/alphas_s.jpg>] [7 <./figures/pdf/jetsatcmsand.png>]
<figures/pdf/ppcollison.png, id=698, 732.7375pt x 587.19376pt>
File: figures/pdf/ppcollison.png Graphic file (type png)
<use figures/pdf/ppcollison.png>
Package pdftex.def Info: figures/pdf/ppcollison.png  used on input line 71.
(pdftex.def)             Requested size: 341.43306pt x 273.6157pt.


LaTeX Warning: `h' float specifier changed to `ht'.

[8] [9 <./figures/pdf/ppcollison.png>]
<figures/pdf/aOzz6.jpg, id=721, 738.76pt x 478.78876pt>
File: figures/pdf/aOzz6.jpg Graphic file (type jpg)
<use figures/pdf/aOzz6.jpg>
Package pdftex.def Info: figures/pdf/aOzz6.jpg  used on input line 112.
(pdftex.def)             Requested size: 426.79134pt x 276.6018pt.


LaTeX Warning: `h' float specifier changed to `ht'.

[10] [11 <./figures/pdf/aOzz6.jpg>]
<figures/pdf/Ttbar_production_via_qqbar_annihilation.png, id=746, 903.375pt x 5
55.07375pt>
File: figures/pdf/Ttbar_production_via_qqbar_annihilation.png Graphic file (typ
e png)
<use figures/pdf/Ttbar_production_via_qqbar_annihilation.png>
Package pdftex.def Info: figures/pdf/Ttbar_production_via_qqbar_annihilation.pn
g  used on input line 124.
(pdftex.def)             Requested size: 170.71652pt x 104.88916pt.
 [12 <./figures/pdf/Ttbar_production_via_qqbar_annihilation.png>]
<figures/pdf/partoncascade.png, id=759, 369.38pt x 365.365pt>
File: figures/pdf/partoncascade.png Graphic file (type png)
<use figures/pdf/partoncascade.png>
Package pdftex.def Info: figures/pdf/partoncascade.png  used on input line 137.

(pdftex.def)             Requested size: 227.62204pt x 225.14693pt.
 [13 <./figures/pdf/partoncascade.png>]
<figures/pdf/qqbarproductionvaccum.png, id=771, 726.715pt x 180.675pt>
File: figures/pdf/qqbarproductionvaccum.png Graphic file (type png)
<use figures/pdf/qqbarproductionvaccum.png>
Package pdftex.def Info: figures/pdf/qqbarproductionvaccum.png  used on input l
ine 156.
(pdftex.def)             Requested size: 426.79134pt x 106.10934pt.
 [14 <./figures/pdf/qqbarproductionvaccum.png (PNG copy)>]
<figures/pdf/FFfunctions.png, id=781, 770.88pt x 774.895pt>
File: figures/pdf/FFfunctions.png Graphic file (type png)
<use figures/pdf/FFfunctions.png>
Package pdftex.def Info: figures/pdf/FFfunctions.png  used on input line 177.
(pdftex.def)             Requested size: 284.52756pt x 286.00905pt.


LaTeX Warning: `h' float specifier changed to `ht'.

[15] [16 <./figures/pdf/FFfunctions.png>]
<figures/pdf/IRCsafe.png, id=801, 856.19875pt x 257.96375pt>
File: figures/pdf/IRCsafe.png Graphic file (type png)
<use figures/pdf/IRCsafe.png>
Package pdftex.def Info: figures/pdf/IRCsafe.png  used on input line 191.
(pdftex.def)             Requested size: 426.79134pt x 128.58792pt.
 [17 <./figures/pdf/IRCsafe.png>]
[18] [19]
<figures/pdf/FastJet.png, id=829, 1255.69125pt x 983.675pt>
File: figures/pdf/FastJet.png Graphic file (type png)
<use figures/pdf/FastJet.png>
Package pdftex.def Info: figures/pdf/FastJet.png  used on input line 260.
(pdftex.def)             Requested size: 426.79134pt x 334.325pt.


LaTeX Warning: `h' float specifier changed to `ht'.

[20] [21 <./figures/pdf/FastJet.png>] [22] [23] [24] [25]
<figures/pdf/610_1.jpg, id=899, 525.6438pt x 582.4962pt>
File: figures/pdf/610_1.jpg Graphic file (type jpg)
<use figures/pdf/610_1.jpg>
Package pdftex.def Info: figures/pdf/610_1.jpg  used on input line 405.
(pdftex.def)             Requested size: 256.0748pt x 283.77243pt.
 [26 <./figures/pdf/610_1.jpg>] [27]
<figures/pdf/ppevolution.png, id=926, 1062.97125pt x 922.44624pt>
File: figures/pdf/ppevolution.png Graphic file (type png)
<use figures/pdf/ppevolution.png>
Package pdftex.def Info: figures/pdf/ppevolution.png  used on input line 420.
(pdftex.def)             Requested size: 312.9803pt x 271.5985pt.
<figures/pdf/dijetfig2.png, id=929, 582.175pt x 737.75626pt>
File: figures/pdf/dijetfig2.png Graphic file (type png)
<use figures/pdf/dijetfig2.png>
Package pdftex.def Info: figures/pdf/dijetfig2.png  used on input line 427.
(pdftex.def)             Requested size: 128.0374pt x 162.25058pt.


LaTeX Warning: `h' float specifier changed to `ht'.

[28 <./figures/pdf/ppevolution.png>]
<figures/pdf/jetRAA.png, id=947, 601.24625pt x 456.70625pt>
File: figures/pdf/jetRAA.png Graphic file (type png)
<use figures/pdf/jetRAA.png>
Package pdftex.def Info: figures/pdf/jetRAA.png  used on input line 451.
(pdftex.def)             Requested size: 284.52756pt x 216.12933pt.
 [29 <./figures/pdf/dijetfig2.png (PNG copy)>] [30 <./figures/pdf/jetRAA.png>])
 [31]
:<-
:<+ chapters/chapter-3.tex
\openout2 = `chapters/chapter-3.aux'.

(./chapters/chapter-3.tex
Chapter 3.
<figures/pdf/1920px-Cern-accelerator-complex.png, id=986, 1927.2pt x 1255.69125
pt>
File: figures/pdf/1920px-Cern-accelerator-complex.png Graphic file (type png)
<use figures/pdf/1920px-Cern-accelerator-complex.png>
Package pdftex.def Info: figures/pdf/1920px-Cern-accelerator-complex.png  used 
on input line 7.
(pdftex.def)             Requested size: 312.9803pt x 203.92287pt.

LaTeX Warning: `h' float specifier changed to `ht'.

[32




] [33 <./figures/pdf/1920px-Cern-accelerator-complex.png>] [34]
<figures/pdf/ALICE-event-b.jpg, id=1017, 580.569pt x 356.0502pt>
File: figures/pdf/ALICE-event-b.jpg Graphic file (type jpg)
<use figures/pdf/ALICE-event-b.jpg>
Package pdftex.def Info: figures/pdf/ALICE-event-b.jpg  used on input line 30.
(pdftex.def)             Requested size: 369.88582pt x 226.84453pt.


LaTeX Warning: `!h' float specifier changed to `!ht'.

<figures/pdf/ITS.jpg, id=1020, 451.6875pt x 299.61937pt>
File: figures/pdf/ITS.jpg Graphic file (type jpg)
<use figures/pdf/ITS.jpg>
Package pdftex.def Info: figures/pdf/ITS.jpg  used on input line 37.
(pdftex.def)             Requested size: 256.0748pt x 169.87045pt.

LaTeX Warning: `!h' float specifier changed to `!ht'.

[35] [36 <./figures/pdf/ALICE-event-b.jpg> <./figures/pdf/ITS.jpg>]
<figures/pdf/V0MGlau-18545.png, id=1045, 953.5625pt x 604.2575pt>
File: figures/pdf/V0MGlau-18545.png Graphic file (type png)
<use figures/pdf/V0MGlau-18545.png>
Package pdftex.def Info: figures/pdf/V0MGlau-18545.png  used on input line 53.
(pdftex.def)             Requested size: 312.9803pt x 198.33604pt.
 [37]
<figures/pdf/alice-tpc-schematic.png, id=1069, 557.08125pt x 414.54875pt>
File: figures/pdf/alice-tpc-schematic.png Graphic file (type png)
<use figures/pdf/alice-tpc-schematic.png>
Package pdftex.def Info: figures/pdf/alice-tpc-schematic.png  used on input lin
e 68.
(pdftex.def)             Requested size: 284.52756pt x 211.73334pt.

[38 <./figures/pdf/V0MGlau-18545.png>]
<figures/pdf/Wirereadout_eng.jpg, id=1085, 203.3196pt x 246.6816pt>
File: figures/pdf/Wirereadout_eng.jpg Graphic file (type jpg)
<use figures/pdf/Wirereadout_eng.jpg>
Package pdftex.def Info: figures/pdf/Wirereadout_eng.jpg  used on input line 79
.
(pdftex.def)             Requested size: 256.0748pt x 310.69623pt.


LaTeX Warning: `h' float specifier changed to `ht'.

[39 <./figures/pdf/alice-tpc-schematic.png>] [40 <./figures/pdf/Wirereadout_eng
.jpg>]
<figures/pdf/PTresolution_vs_1Pt_pPb_2013_PerfPaper-8441.png, id=1105, 953.5625
pt x 780.9175pt>
File: figures/pdf/PTresolution_vs_1Pt_pPb_2013_PerfPaper-8441.png Graphic file 
(type png)
<use figures/pdf/PTresolution_vs_1Pt_pPb_2013_PerfPaper-8441.png>
Package pdftex.def Info: figures/pdf/PTresolution_vs_1Pt_pPb_2013_PerfPaper-844
1.png  used on input line 94.
(pdftex.def)             Requested size: 216.81pt x 177.55772pt.
<figures/pdf/tpc_abseff-8423.png, id=1106, 953.5625pt x 713.66624pt>
File: figures/pdf/tpc_abseff-8423.png Graphic file (type png)
<use figures/pdf/tpc_abseff-8423.png>
Package pdftex.def Info: figures/pdf/tpc_abseff-8423.png  used on input line 96
.
(pdftex.def)             Requested size: 216.81pt x 162.26675pt.


LaTeX Warning: `h' float specifier changed to `ht'.

[41]
<figures/pdf/ALICEEMCAL.png, id=1121, 675.52374pt x 528.97626pt>
File: figures/pdf/ALICEEMCAL.png Graphic file (type png)
<use figures/pdf/ALICEEMCAL.png>
Package pdftex.def Info: figures/pdf/ALICEEMCAL.png  used on input line 112.
(pdftex.def)             Requested size: 284.52756pt x 222.80615pt.


LaTeX Warning: `h' float specifier changed to `ht'.

[42 <./figures/pdf/PTresolution_vs_1Pt_pPb_2013_PerfPaper-8441.png> <./figures/
pdf/tpc_abseff-8423.png>] [43 <./figures/pdf/ALICEEMCAL.png>]
<figures/pdf/Alice-EMCal-Performance.png, id=1145, 503.8825pt x 430.60875pt>
File: figures/pdf/Alice-EMCal-Performance.png Graphic file (type png)
<use figures/pdf/Alice-EMCal-Performance.png>
Package pdftex.def Info: figures/pdf/Alice-EMCal-Performance.png  used on input
 line 138.
(pdftex.def)             Requested size: 284.52756pt x 243.14983pt.


LaTeX Warning: Reference `eq:EMCalres' on page 44 undefined on input line 145.

[44 <./figures/pdf/Alice-EMCal-Performance.png>]
<figures/pdf/2017-Jul-05-Ecluster_emcal_alice_style.pdf, id=1157, 569.12625pt x
 416.55624pt>
File: figures/pdf/2017-Jul-05-Ecluster_emcal_alice_style.pdf Graphic file (type
 pdf)
<use figures/pdf/2017-Jul-05-Ecluster_emcal_alice_style.pdf>
Package pdftex.def Info: figures/pdf/2017-Jul-05-Ecluster_emcal_alice_style.pdf
  used on input line 154.
(pdftex.def)             Requested size: 284.52756pt x 208.25853pt.


LaTeX Warning: `h' float specifier changed to `ht'.

) [45] [46 <./figures/pdf/2017-Jul-05-Ecluster_emcal_alice_style.pdf>]
:<-
:<+ chapters/chapter-4.tex
\openout2 = `chapters/chapter-4.aux'.

(./chapters/chapter-4.tex
Chapter 4.
[47




] [48]
<figures/pdf/dilepton-mass.png, id=1216, 1163.34625pt x 551.05875pt>
File: figures/pdf/dilepton-mass.png Graphic file (type png)
<use figures/pdf/dilepton-mass.png>
Package pdftex.def Info: figures/pdf/dilepton-mass.png  used on input line 31.
(pdftex.def)             Requested size: 469.75502pt x 222.51329pt.
 [49 <./figures/pdf/dilepton-mass.png>]
<figures/pdf/Scanning-electron-microscopy-image-of-GEM-foil-top-view-left-and-c
ross-section-right.png, id=1235, 853.1875pt x 303.1325pt>
File: figures/pdf/Scanning-electron-microscopy-image-of-GEM-foil-top-view-left-
and-cross-section-right.png Graphic file (type png)
<use figures/pdf/Scanning-electron-microscopy-image-of-GEM-foil-top-view-left-a
nd-cross-section-right.png>
Package pdftex.def Info: figures/pdf/Scanning-electron-microscopy-image-of-GEM-
foil-top-view-left-and-cross-section-right.png  used on input line 45.
(pdftex.def)             Requested size: 398.33858pt x 141.5287pt.
 [50 <./figures/pdf/Scanning-electron-microscopy-image-of-GEM-foil-top-view-lef
t-and-cross-section-right.png>]
<figures/pdf/ALICEGEMSIMULATION.png, id=1248, 584.1825pt x 277.035pt>
File: figures/pdf/ALICEGEMSIMULATION.png Graphic file (type png)
<use figures/pdf/ALICEGEMSIMULATION.png>
Package pdftex.def Info: figures/pdf/ALICEGEMSIMULATION.png  used on input line
 55.
(pdftex.def)             Requested size: 398.33858pt x 188.9097pt.
[51 <./figures/pdf/ALICEGEMSIMULATION.png>] [52]
<figures/pdf/ResoSim.png, id=1273, 1053.9375pt x 360.34625pt>
File: figures/pdf/ResoSim.png Graphic file (type png)
<use figures/pdf/ResoSim.png>
Package pdftex.def Info: figures/pdf/ResoSim.png  used on input line 71.
(pdftex.def)             Requested size: 469.75502pt x 160.61475pt.
<figures/pdf/4GEMROC.png, id=1277, 539.01375pt x 277.035pt>
File: figures/pdf/4GEMROC.png Graphic file (type png)
<use figures/pdf/4GEMROC.png>
Package pdftex.def Info: figures/pdf/4GEMROC.png  used on input line 81.
(pdftex.def)             Requested size: 284.52756pt x 146.24026pt.


LaTeX Warning: `h' float specifier changed to `ht'.

[53 <./figures/pdf/ResoSim.png>] [54 <./figures/pdf/4GEMROC.png>]
<figures/pdf/GemProtoPID.png, id=1297, 961.5925pt x 408.52625pt>
File: figures/pdf/GemProtoPID.png Graphic file (type png)
<use figures/pdf/GemProtoPID.png>
Package pdftex.def Info: figures/pdf/GemProtoPID.png  used on input line 113.
(pdftex.def)             Requested size: 284.52756pt x 120.88197pt.
<figures/pdf/ProtoIBFEres.png, id=1301, 573.14125pt x 491.8375pt>
File: figures/pdf/ProtoIBFEres.png Graphic file (type png)
<use figures/pdf/ProtoIBFEres.png>
Package pdftex.def Info: figures/pdf/ProtoIBFEres.png  used on input line 126.
(pdftex.def)             Requested size: 170.71652pt x 146.50171pt.


LaTeX Warning: `h' float specifier changed to `ht'.

<figures/pdf/GEMShowerSim.png, id=1306, 571.13374pt x 394.47375pt>
File: figures/pdf/GEMShowerSim.png Graphic file (type png)
<use figures/pdf/GEMShowerSim.png>
Package pdftex.def Info: figures/pdf/GEMShowerSim.png  used on input line 136.
(pdftex.def)             Requested size: 227.62204pt x 157.21487pt.
[55 <./figures/pdf/GemProtoPID.png>] [56 <./figures/pdf/ProtoIBFEres.png> <./fi
gures/pdf/GEMShowerSim.png>]
<figures/pdf/IROCproductionflow.png, id=1322, 633.36626pt x 489.83pt>
File: figures/pdf/IROCproductionflow.png Graphic file (type png)
<use figures/pdf/IROCproductionflow.png>
Package pdftex.def Info: figures/pdf/IROCproductionflow.png  used on input line
 147.
(pdftex.def)             Requested size: 284.52756pt x 220.04774pt.
 [57 <./figures/pdf/IROCproductionflow.png>]
<figures/pdf/IROCAssemblyUTK.png, id=1331, 1002.74625pt x 424.58624pt>
File: figures/pdf/IROCAssemblyUTK.png Graphic file (type png)
<use figures/pdf/IROCAssemblyUTK.png>
Package pdftex.def Info: figures/pdf/IROCAssemblyUTK.png  used on input line 15
7.
(pdftex.def)             Requested size: 469.75502pt x 198.90768pt.

[58 <./figures/pdf/IROCAssemblyUTK.png>]
<figures/pdf/PicoSetup.png, id=1340, 800.9925pt x 316.18124pt>
File: figures/pdf/PicoSetup.png Graphic file (type png)
<use figures/pdf/PicoSetup.png>
Package pdftex.def Info: figures/pdf/PicoSetup.png  used on input line 174.
(pdftex.def)             Requested size: 469.75502pt x 185.43085pt.


LaTeX Warning: `h' float specifier changed to `ht'.

[59]
<figures/pdf/LeakSetupUTK.png, id=1349, 1015.795pt x 310.15875pt>
File: figures/pdf/LeakSetupUTK.png Graphic file (type png)
<use figures/pdf/LeakSetupUTK.png>
Package pdftex.def Info: figures/pdf/LeakSetupUTK.png  used on input line 188.
(pdftex.def)             Requested size: 469.75502pt x 143.43198pt.


LaTeX Warning: `h' float specifier changed to `ht'.

[60 <./figures/pdf/PicoSetup.png>]
<figures/pdf/AcceptanceCriteria.png, id=1357, 1038.88126pt x 569.12625pt>
File: figures/pdf/AcceptanceCriteria.png Graphic file (type png)
<use figures/pdf/AcceptanceCriteria.png>
Package pdftex.def Info: figures/pdf/AcceptanceCriteria.png  used on input line
 205.
(pdftex.def)             Requested size: 227.62204pt x 124.69579pt.
 [61 <./figures/pdf/LeakSetupUTK.png> <./figures/pdf/AcceptanceCriteria.png>]
<figures/pdf/LHCSparkTest.png, id=1369, 714.67pt x 462.72874pt>
File: figures/pdf/LHCSparkTest.png Graphic file (type png)
<use figures/pdf/LHCSparkTest.png>
Packa