\BOOKMARK [0][-]{rootNode.0}{Front Matter}{}% 1
\BOOKMARK [1][-]{a.1}{Title}{rootNode.0}% 2
\BOOKMARK [1][-]{b.1}{Dedication}{rootNode.0}% 3
\BOOKMARK [1][-]{c.1}{Acknowledgments}{rootNode.0}% 4
\BOOKMARK [1][-]{e.1}{Abstract}{rootNode.0}% 5
\BOOKMARK [0][-]{f.0}{Table of Contents}{}% 6
\BOOKMARK [0][-]{chapter.1}{1 The LHC and ALICE}{}% 7
\BOOKMARK [1][-]{section.1.1}{1.1 Overview of the LHC}{chapter.1}% 8
\BOOKMARK [2][-]{subsection.1.1.1}{1.1.1 LHC Operations}{section.1.1}% 9
\BOOKMARK [2][-]{subsection.1.1.2}{1.1.2 LHC Accelerator Complex}{section.1.1}% 10
\BOOKMARK [1][-]{section.1.2}{1.2 The ALICE Experiment}{chapter.1}% 11
\BOOKMARK [2][-]{subsection.1.2.1}{1.2.1 TZERO}{section.1.2}% 12
\BOOKMARK [2][-]{subsection.1.2.2}{1.2.2 VZERO}{section.1.2}% 13
\BOOKMARK [2][-]{subsection.1.2.3}{1.2.3 Inner Tracking System}{section.1.2}% 14
\BOOKMARK [2][-]{subsection.1.2.4}{1.2.4 Time Projection Chamber}{section.1.2}% 15
\BOOKMARK [2][-]{subsection.1.2.5}{1.2.5 Electromagnetic Calorimeter}{section.1.2}% 16
\BOOKMARK [0][-]{chapter.2}{2 The ALICE TPC Upgrade}{}% 17
\BOOKMARK [1][-]{subsection.2.0.1}{2.0.1 Physics Motivation}{chapter.2}% 18
\BOOKMARK [2][-]{subsection.2.0.2}{2.0.2 Gaseous Electron Multiplier Foils}{subsection.2.0.1}% 19
\BOOKMARK [2][-]{subsection.2.0.3}{2.0.3 Research and Development}{subsection.2.0.1}% 20
\BOOKMARK [2][-]{subsection.2.0.4}{2.0.4 Production of the Inner Readout Chambers in the U.S.}{subsection.2.0.1}% 21
\BOOKMARK [2][-]{subsection.2.0.5}{2.0.5 GEM and Chamber Quality Assurance}{subsection.2.0.1}% 22
\BOOKMARK [2][-]{subsection.2.0.6}{2.0.6 Outlook}{subsection.2.0.1}% 23
\BOOKMARK [0][-]{section*.40}{Bibliography}{}% 24
\BOOKMARK [0][-]{section*.41}{Appendices}{}% 25
\BOOKMARK [1][-]{section.Alph0.1}{A Particle Identification via Bethe-Bloch}{section*.41}% 26
\BOOKMARK [0][-]{section*.44}{Vita}{}% 27
